<?xml version="1.0" encoding="UTF-8"?>
<testng-results ignored="0" total="1" passed="1" failed="0" skipped="0">
  <reporter-output>
  </reporter-output>
  <suite started-at="2024-03-09T20:02:53 IST" name="Surefire suite" finished-at="2024-03-09T20:03:13 IST" duration-ms="19673">
    <groups>
    </groups>
    <test started-at="2024-03-09T20:02:53 IST" name="Surefire test" finished-at="2024-03-09T20:03:13 IST" duration-ms="19673">
      <class name="SeleniumTest">
        <test-method is-config="true" signature="beforeTest()[pri:0, instance:SeleniumTest@29176cc1]" started-at="2024-03-09T20:02:53 IST" name="beforeTest" finished-at="2024-03-09T20:03:00 IST" duration-ms="6943" status="PASS">
          <reporter-output>
          </reporter-output>
        </test-method> <!-- beforeTest -->
        <test-method signature="testEasy()[pri:0, instance:SeleniumTest@29176cc1]" started-at="2024-03-09T20:03:00 IST" name="testEasy" finished-at="2024-03-09T20:03:13 IST" duration-ms="12331" status="PASS">
          <reporter-output>
          </reporter-output>
        </test-method> <!-- testEasy -->
        <test-method is-config="true" signature="afterTest()[pri:0, instance:SeleniumTest@29176cc1]" started-at="2024-03-09T20:03:13 IST" name="afterTest" finished-at="2024-03-09T20:03:13 IST" duration-ms="349" status="PASS">
          <reporter-output>
          </reporter-output>
        </test-method> <!-- afterTest -->
      </class> <!-- SeleniumTest -->
    </test> <!-- Surefire test -->
  </suite> <!-- Surefire suite -->
</testng-results>
